… ~ # emerge --info '=virtual/pandoc-0::gentoo' 2>&1 | tee -a "${THIS_FILE}"
Portage 3.0.51 (python 3.11.5-final-0, default/linux/amd64/17.1/desktop/plasma, gcc-13, glibc-2.38-r2, 5.15.123.1-microsoft-standard-WSL2 x86_64)
=================================================================
                         System Settings
=================================================================
System uname: Linux-5.15.123.1-microsoft-standard-WSL2-x86_64-Intel-R-_Core-TM-_i9-9880H_CPU_@_2.30GHz-with-glibc2.38
KiB Mem:     3932492 total,   2779940 free
KiB Swap:    8388608 total,   8352836 free
Timestamp of repository gentoo: Wed, 27 Sep 2023 17:30:01 +0000
Head commit of repository gentoo: 96fbb1de87a84f26bb97670e11d342cdd8840b0c
Timestamp of repository 4nykey: Wed, 27 Sep 2023 09:16:33 +0000
Head commit of repository 4nykey: b4353bbd47687f0782e07e3ecc55d216844d87bf

Timestamp of repository Miezhiko: Wed, 27 Sep 2023 09:16:36 +0000
Head commit of repository Miezhiko: 4c365ace4f49868a66392542e2060e92605a91e0

Timestamp of repository haskell: Wed, 27 Sep 2023 09:16:33 +0000
Head commit of repository haskell: 388f45bbf08fcdaf5f9c1e78dde2434f534a6386

sh bash 5.2_p15-r6
ld GNU ld (Gentoo 2.41 p2) 2.41.0
app-misc/pax-utils:        1.3.7::gentoo
app-shells/bash:           5.2_p15-r6::gentoo
dev-lang/perl:             5.38.0-r1::gentoo
dev-lang/python:           3.11.5::gentoo, 3.12.0_rc3::gentoo
dev-lang/rust:             1.72.0::gentoo
dev-util/cmake:            3.27.6-r1::gentoo
dev-util/meson:            1.2.1-r2::gentoo
sys-apps/baselayout:       2.14::gentoo
sys-apps/openrc:           0.50::gentoo
sys-apps/sandbox:          2.38::gentoo
sys-devel/autoconf:        2.71-r7::gentoo
sys-devel/automake:        1.16.5-r1::gentoo
sys-devel/binutils:        2.41-r1::gentoo
sys-devel/binutils-config: 5.5::gentoo
sys-devel/clang:           17.0.1::gentoo
sys-devel/gcc:             13.2.1_p20230826::gentoo
sys-devel/gcc-config:      2.11::gentoo
sys-devel/libtool:         2.4.7-r1::gentoo
sys-devel/lld:             17.0.1::gentoo
sys-devel/llvm:            16.0.6::gentoo, 17.0.1::gentoo
sys-devel/make:            4.4.1-r1::gentoo
sys-kernel/linux-headers:  6.5::gentoo (virtual/os-headers)
sys-libs/glibc:            2.38-r2::gentoo
Repositories:

gentoo
    location: /var/db/repos/gentoo
    sync-type: rsync
    sync-uri: rsync://rsync.gentoo.org/gentoo-portage
    priority: -1000
    volatile: False
    sync-rsync-verify-max-age: 24
    sync-rsync-verify-jobs: 1
    sync-rsync-verify-metamanifest: yes
    sync-rsync-extra-opts: 

4nykey
    location: /var/db/repos/4nykey
    sync-type: git
    sync-uri: https://github.com/gentoo-mirror/4nykey.git
    masters: gentoo
    volatile: False

Miezhiko
    location: /var/db/repos/Miezhiko
    sync-type: git
    sync-uri: https://github.com/gentoo-mirror/Miezhiko.git
    masters: gentoo
    volatile: False

local
    location: /var/db/repos/local
    masters: gentoo
    volatile: False

haskell
    location: /var/db/repos/haskell
    sync-type: git
    sync-uri: https://github.com/gentoo-mirror/haskell.git
    masters: gentoo
    priority: 50
    volatile: False

ACCEPT_KEYWORDS="amd64 ~amd64"
ACCEPT_LICENSE="@FREE"
AR="llvm-ar"
CBUILD="x86_64-pc-linux-gnu"
CC="clang"
CFLAGS="-march=native -mtune=native -O2 -pipe -flto=thin"
CHOST="x86_64-pc-linux-gnu"
CONFIG_PROTECT="/etc /usr/share/config /usr/share/gnupg/qualified.txt"
CONFIG_PROTECT_MASK="/etc/ca-certificates.conf /etc/dconf /etc/env.d /etc/fonts/fonts.conf /etc/gconf /etc/gentoo-release /etc/revdep-rebuild /etc/sandbox.d /etc/terminfo"
CXX="clang++"
CXXFLAGS="-march=native -mtune=native -O2 -pipe -flto=thin"
DISTDIR="/var/cache/distfiles"
ENV_UNSET="CARGO_HOME DBUS_SESSION_BUS_ADDRESS DISPLAY GDK_PIXBUF_MODULE_FILE GOBIN GOPATH PERL5LIB PERL5OPT PERLPREFIX PERL_CORE PERL_MB_OPT PERL_MM_OPT XAUTHORITY XDG_CACHE_HOME XDG_CONFIG_HOME XDG_DATA_HOME XDG_RUNTIME_DIR XDG_STATE_HOME"
FCFLAGS="-march=native -mtune=native -O2 -pipe"
FEATURES="assume-digests binpkg-docompress binpkg-dostrip binpkg-logs buildpkg-live config-protect-if-modified distlocks ebuild-locks fixlafiles ipc-sandbox merge-sync multilib-strict network-sandbox news parallel-fetch pid-sandbox preserve-libs protect-owned qa-unresolved-soname-deps sandbox sfperms strict unknown-features-warn unmerge-logs unmerge-orphans userfetch userpriv usersandbox usersync xattr"
FFLAGS="-march=native -mtune=native -O2 -pipe"
GENTOO_MIRRORS="http://distfiles.gentoo.org"
LANG="en_US.utf8"
LDFLAGS="-fuse-ld=lld -rtlib=compiler-rt -unwindlib=libunwind -Wl,-O2 -Wl,--as-needed -Wl,-z,relro,-z,now"
LEX="flex"
MAKEOPTS="-j4"
NM="llvm-nm"
PKGDIR="/var/cache/binpkgs"
PORTAGE_CONFIGROOT="/"
PORTAGE_RSYNC_OPTS="--recursive --links --safe-links --perms --times --omit-dir-times --compress --force --whole-file --delete --stats --human-readable --timeout=180 --exclude=/distfiles --exclude=/local --exclude=/packages --exclude=/.git"
PORTAGE_TMPDIR="/var/tmp"
RANLIB="llvm-ranlib"
SHELL="/bin/bash"
USE="X a52 aac acl acpi activities alsa amd64 bluetooth branding bzip2 cairo cdda cdr clang cli crypt cups dbus declarative dri dts dvd dvdr elogind encode exif flac fortran gdbm gif gpm gtk gui iconv icu ipv6 jpeg kde kwallet lcms libnotify libtirpc llvm-libunwind mad mng mp3 mp4 mpeg multilib ncurses networkmanager nls nptl ogg opengl openmp pam pango pcre pdf pipewire plasma png policykit ppds pulseaudio qml qt5 readline screencast sdl seccomp semantic-desktop sound spell split-usr ssl startup-notification svg test-rust tiff truetype udev udisks unicode upower usb vorbis vulkan wayland widgets wxwidgets x264 xattr xcb xft xml xv xvid zlib" ABI_X86="64" ADA_TARGET="gnat_2021" APACHE2_MODULES="authn_core authz_core socache_shmcb unixd actions alias auth_basic authn_alias authn_anon authn_dbm authn_default authn_file authz_dbm authz_default authz_groupfile authz_host authz_owner authz_user autoindex cache cgi cgid dav dav_fs dav_lock deflate dir disk_cache env expires ext_filter file_cache filter headers include info log_config logio mem_cache mime mime_magic negotiation rewrite setenvif speling status unique_id userdir usertrack vhost_alias" CALLIGRA_FEATURES="karbon sheets words" COLLECTD_PLUGINS="df interface irq load memory rrdtool swap syslog" CPU_FLAGS_X86="mmx mmxext sse sse2" ELIBC="glibc" GPSD_PROTOCOLS="ashtech aivdm earthmate evermore fv18 garmin garmintxt gpsclock greis isync itrax mtk3301 nmea ntrip navcom oceanserver oldstyle oncore rtcm104v2 rtcm104v3 sirf skytraq superstar2 timing tsip tripmate tnt ublox ubx" INPUT_DEVICES="evdev" KERNEL="linux" LCD_DEVICES="bayrad cfontz cfontz633 glk hd44780 lb216 lcdm001 mtxorb ncurses text" LIBREOFFICE_EXTENSIONS="presenter-console presenter-minimizer" LUA_SINGLE_TARGET="lua5-1" LUA_TARGETS="lua5-1" OFFICE_IMPLEMENTATION="libreoffice" PHP_TARGETS="php8-1" POSTGRES_TARGETS="postgres15" PYTHON_SINGLE_TARGET="python3_11" PYTHON_TARGETS="python3_11" RUBY_TARGETS="ruby31" VIDEO_CARDS="amdgpu fbdev intel nouveau radeon radeonsi vesa dummy v4l" XTABLES_ADDONS="quota2 psd pknock lscan length2 ipv4options ipset ipp2p iface geoip fuzzy condition tee tarpit sysrq proto steal rawnat logmark ipmark dhcpmac delude chaos account"
Unset:  ADDR2LINE, ARFLAGS, AS, ASFLAGS, CCLD, CONFIG_SHELL, CPP, CPPFLAGS, CTARGET, CXXFILT, ELFEDIT, EMERGE_DEFAULT_OPTS, EXTRA_ECONF, F77FLAGS, FC, GCOV, GPROF, INSTALL_MASK, LC_ALL, LD, LFLAGS, LIBTOOL, LINGUAS, MAKE, MAKEFLAGS, OBJCOPY, OBJDUMP, PORTAGE_BINHOST, PORTAGE_BUNZIP2_COMMAND, PORTAGE_COMPRESS, PORTAGE_COMPRESS_FLAGS, PORTAGE_RSYNC_EXTRA_OPTS, READELF, RUSTFLAGS, SIZE, STRINGS, STRIP, YACC, YFLAGS

=================================================================
                        Package Settings
=================================================================

virtual/pandoc-0::gentoo was built with the following:
USE="" ABI_X86="(64)"

